N searched: 2000000
n=24: running_max=26, n+2=26, gap=0
f(24)=24+tau(24)=24+8=32

Minimum gap in [25,2000000]: 1 at n=35
running_max[35]=38, 35+2=37
Count gap<=2: 12
Count gap<=1: 4
Count gap<=0 (condition met): 0

Gap at checkpoints:
  n=100: running_max=108, gap=6
  n=1000: running_max=1014, gap=12
  n=10000: running_max=10032, gap=30
  n=100000: running_max=100056, gap=54
  n=1000000: running_max=1000063, gap=61
  n=2000000: running_max=2000126, gap=124

All n in [25,2000000] with gap<=2:
Total with gap<=2: 12
  n=28 rm=32 gap=2
  n=30 rm=34 gap=2
  n=34 rm=38 gap=2
  n=35 rm=38 gap=1
  n=36 rm=39 gap=1
  n=47 rm=51 gap=2
  n=48 rm=51 gap=1
  n=54 rm=58 gap=2
  n=60 rm=64 gap=2
  n=70 rm=74 gap=2
  n=119 rm=123 gap=2
  n=120 rm=123 gap=1