Small cases n=3..30:
  n=3: (1, 4, 12)
  n=4: (2, 3, 6)
  n=5: (2, 4, 20)
  n=6: (2, 7, 42)
  n=7: (2, 15, 210)
  n=8: (3, 7, 42)
  n=9: (3, 10, 90)
  n=10: (3, 16, 240)
  n=11: (3, 34, 1122)
  n=12: (4, 13, 156)
  n=13: (4, 18, 468)
  n=14: (4, 29, 812)
  n=15: (4, 61, 3660)
  n=16: (5, 21, 420)
  n=17: (5, 30, 510)
  n=18: (5, 46, 2070)
  n=19: (5, 96, 9120)
  n=20: (6, 31, 930)
  n=21: (6, 43, 1806)
  n=22: (6, 67, 4422)
  n=23: (6, 139, 19182)
  n=24: (7, 43, 1806)
  n=25: (7, 60, 2100)
  n=26: (7, 92, 8372)
  n=27: (7, 190, 35910)
  n=28: (8, 57, 3192)
  n=29: (8, 78, 9048)
  n=30: (8, 121, 14520)
  Checked 10000, time=48.0s, failures=0
  Stopping early at n=10002

Checked 10000 values in 48.0s
No counterexamples found up to n=10002!